This is pdfTeX, Version 3.1415926-2.5-1.40.14 (TeX Live 2013/Debian) (format=pdflatex 2015.10.7)  23 JUN 2016 15:58
entering extended mode
 restricted \write18 enabled.
 %&-line parsing enabled.
**seattleJune2016.tex
(./seattleJune2016.tex
LaTeX2e <2011/06/27>
Babel <3.9h> and hyphenation patterns for 4 languages loaded.
(/usr/share/texmf/tex/latex/beamer/base/beamer.cls
(/usr/share/texmf/tex/latex/beamer/base/beamerbasercs.sty
Package: beamerbasercs 2012/11/13 (rcs-revision cb16a617839f)
)
Document Class: beamer 2012/10/15 development version 3.24 A class for typesett
ing presentations (rcs-revision 24853e6b98cf)
(/usr/share/texmf/tex/latex/beamer/base/beamerbasemodes.sty
Package: beamerbasemodes 2012/04/15 (rcs-revision cc6557182d97)
\beamer@tempbox=\box26
\beamer@tempcount=\count79
\c@beamerpauses=\count80

(/usr/share/texmf/tex/latex/beamer/base/beamerbasedecode.sty
Package: beamerbasedecode 2010/05/01 (rcs-revision efa082c6111d)
\beamer@slideinframe=\count81
\beamer@minimum=\count82
)
\beamer@commentbox=\box27
\beamer@modecount=\count83
)
(/usr/share/texlive/texmf-dist/tex/generic/oberdiek/ifpdf.sty
Package: ifpdf 2011/01/30 v2.3 Provides the ifpdf switch (HO)
Package ifpdf Info: pdfTeX in PDF mode is detected.
)
\headheight=\dimen102
\headdp=\dimen103
\footheight=\dimen104
\sidebarheight=\dimen105
\beamer@tempdim=\dimen106
\beamer@finalheight=\dimen107
\beamer@animht=\dimen108
\beamer@animdp=\dimen109
\beamer@animwd=\dimen110
\beamer@leftmargin=\dimen111
\beamer@rightmargin=\dimen112
\beamer@leftsidebar=\dimen113
\beamer@rightsidebar=\dimen114
\beamer@boxsize=\dimen115
\beamer@vboxoffset=\dimen116
\beamer@descdefault=\dimen117
\beamer@descriptionwidth=\dimen118
\beamer@lastskip=\skip41
\beamer@areabox=\box28
\beamer@animcurrent=\box29
\beamer@animshowbox=\box30
\beamer@sectionbox=\box31
\beamer@logobox=\box32
\beamer@linebox=\box33
\beamer@sectioncount=\count84
\beamer@subsubsectionmax=\count85
\beamer@subsectionmax=\count86
\beamer@sectionmax=\count87
\beamer@totalheads=\count88
\beamer@headcounter=\count89
\beamer@partstartpage=\count90
\beamer@sectionstartpage=\count91
\beamer@subsectionstartpage=\count92
\beamer@animationtempa=\count93
\beamer@animationtempb=\count94
\beamer@xpos=\count95
\beamer@ypos=\count96
\beamer@showpartnumber=\count97
\beamer@currentsubsection=\count98
\beamer@coveringdepth=\count99
\beamer@sectionadjust=\count100
\beamer@tocsectionnumber=\count101

(/usr/share/texmf/tex/latex/beamer/base/beamerbaseoptions.sty
Package: beamerbaseoptions 2010/04/27 (rcs-revision 982469101dd6)

(/usr/share/texlive/texmf-dist/tex/latex/graphics/keyval.sty
Package: keyval 1999/03/16 v1.13 key=value parser (DPC)
\KV@toks@=\toks14
))
\beamer@paperwidth=\skip42
\beamer@paperheight=\skip43

(/usr/share/texlive/texmf-dist/tex/latex/geometry/geometry.sty
Package: geometry 2010/09/12 v5.6 Page Geometry

(/usr/share/texlive/texmf-dist/tex/generic/oberdiek/ifvtex.sty
Package: ifvtex 2010/03/01 v1.5 Detect VTeX and its facilities (HO)
Package ifvtex Info: VTeX not detected.
)
(/usr/share/texlive/texmf-dist/tex/generic/ifxetex/ifxetex.sty
Package: ifxetex 2010/09/12 v0.6 Provides ifxetex conditional
)
\Gm@cnth=\count102
\Gm@cntv=\count103
\c@Gm@tempcnt=\count104
\Gm@bindingoffset=\dimen119
\Gm@wd@mp=\dimen120
\Gm@odd@mp=\dimen121
\Gm@even@mp=\dimen122
\Gm@layoutwidth=\dimen123
\Gm@layoutheight=\dimen124
\Gm@layouthoffset=\dimen125
\Gm@layoutvoffset=\dimen126
\Gm@dimlist=\toks15
)
(/usr/share/texlive/texmf-dist/tex/latex/base/size11.clo
File: size11.clo 2007/10/19 v1.4h Standard LaTeX file (size option)
)
(/usr/share/texmf/tex/latex/pgf/basiclayer/pgfcore.sty
(/usr/share/texlive/texmf-dist/tex/latex/graphics/graphicx.sty
Package: graphicx 1999/02/16 v1.0f Enhanced LaTeX Graphics (DPC,SPQR)

(/usr/share/texlive/texmf-dist/tex/latex/graphics/graphics.sty
Package: graphics 2009/02/05 v1.0o Standard LaTeX Graphics (DPC,SPQR)

(/usr/share/texlive/texmf-dist/tex/latex/graphics/trig.sty
Package: trig 1999/03/16 v1.09 sin cos tan (DPC)
)
(/usr/share/texlive/texmf-dist/tex/latex/latexconfig/graphics.cfg
File: graphics.cfg 2010/04/23 v1.9 graphics configuration of TeX Live
)
Package graphics Info: Driver file: pdftex.def on input line 91.

(/usr/share/texlive/texmf-dist/tex/latex/pdftex-def/pdftex.def
File: pdftex.def 2011/05/27 v0.06d Graphics/color for pdfTeX

(/usr/share/texlive/texmf-dist/tex/generic/oberdiek/infwarerr.sty
Package: infwarerr 2010/04/08 v1.3 Providing info/warning/error messages (HO)
)
(/usr/share/texlive/texmf-dist/tex/generic/oberdiek/ltxcmds.sty
Package: ltxcmds 2011/11/09 v1.22 LaTeX kernel commands for general use (HO)
)
\Gread@gobject=\count105
))
\Gin@req@height=\dimen127
\Gin@req@width=\dimen128
)
(/usr/share/texmf/tex/latex/pgf/systemlayer/pgfsys.sty
(/usr/share/texmf/tex/latex/pgf/utilities/pgfrcs.sty
(/usr/share/texmf/tex/generic/pgf/utilities/pgfutil-common.tex
\pgfutil@everybye=\toks16
)
(/usr/share/texmf/tex/generic/pgf/utilities/pgfutil-latex.def
\pgfutil@abb=\box34

(/usr/share/texlive/texmf-dist/tex/latex/ms/everyshi.sty
Package: everyshi 2001/05/15 v3.00 EveryShipout Package (MS)
))
(/usr/share/texmf/tex/generic/pgf/utilities/pgfrcs.code.tex
Package: pgfrcs 2010/10/25 v2.10 (rcs-revision 1.24)
))
(/usr/share/texmf/tex/generic/pgf/systemlayer/pgfsys.code.tex
Package: pgfsys 2010/06/30 v2.10 (rcs-revision 1.37)

(/usr/share/texmf/tex/generic/pgf/utilities/pgfkeys.code.tex
\pgfkeys@pathtoks=\toks17
\pgfkeys@temptoks=\toks18

(/usr/share/texmf/tex/generic/pgf/utilities/pgfkeysfiltered.code.tex
\pgfkeys@tmptoks=\toks19
))
\pgf@x=\dimen129
\pgf@y=\dimen130
\pgf@xa=\dimen131
\pgf@ya=\dimen132
\pgf@xb=\dimen133
\pgf@yb=\dimen134
\pgf@xc=\dimen135
\pgf@yc=\dimen136
\w@pgf@writea=\write3
\r@pgf@reada=\read1
\c@pgf@counta=\count106
\c@pgf@countb=\count107
\c@pgf@countc=\count108
\c@pgf@countd=\count109

(/usr/share/texmf/tex/generic/pgf/systemlayer/pgf.cfg
File: pgf.cfg 2008/05/14  (rcs-revision 1.7)
)
Package pgfsys Info: Driver file for pgf: pgfsys-pdftex.def on input line 900.

(/usr/share/texmf/tex/generic/pgf/systemlayer/pgfsys-pdftex.def
File: pgfsys-pdftex.def 2009/05/22  (rcs-revision 1.26)

(/usr/share/texmf/tex/generic/pgf/systemlayer/pgfsys-common-pdf.def
File: pgfsys-common-pdf.def 2008/05/19  (rcs-revision 1.10)
)))
(/usr/share/texmf/tex/generic/pgf/systemlayer/pgfsyssoftpath.code.tex
File: pgfsyssoftpath.code.tex 2008/07/18  (rcs-revision 1.7)
\pgfsyssoftpath@smallbuffer@items=\count110
\pgfsyssoftpath@bigbuffer@items=\count111
)
(/usr/share/texmf/tex/generic/pgf/systemlayer/pgfsysprotocol.code.tex
File: pgfsysprotocol.code.tex 2006/10/16  (rcs-revision 1.4)
))
(/usr/share/texmf/tex/latex/xcolor/xcolor.sty
Package: xcolor 2007/01/21 v2.11 LaTeX color extensions (UK)

(/usr/share/texlive/texmf-dist/tex/latex/latexconfig/color.cfg
File: color.cfg 2007/01/18 v1.5 color configuration of teTeX/TeXLive
)
Package xcolor Info: Driver file: pdftex.def on input line 225.
Package xcolor Info: Model `cmy' substituted by `cmy0' on input line 1337.
Package xcolor Info: Model `hsb' substituted by `rgb' on input line 1341.
Package xcolor Info: Model `RGB' extended on input line 1353.
Package xcolor Info: Model `HTML' substituted by `rgb' on input line 1355.
Package xcolor Info: Model `Hsb' substituted by `hsb' on input line 1356.
Package xcolor Info: Model `tHsb' substituted by `hsb' on input line 1357.
Package xcolor Info: Model `HSB' substituted by `hsb' on input line 1358.
Package xcolor Info: Model `Gray' substituted by `gray' on input line 1359.
Package xcolor Info: Model `wave' substituted by `hsb' on input line 1360.
)
(/usr/share/texmf/tex/generic/pgf/basiclayer/pgfcore.code.tex
Package: pgfcore 2010/04/11 v2.10 (rcs-revision 1.7)

(/usr/share/texmf/tex/generic/pgf/math/pgfmath.code.tex
(/usr/share/texmf/tex/generic/pgf/math/pgfmathcalc.code.tex
(/usr/share/texmf/tex/generic/pgf/math/pgfmathutil.code.tex)
(/usr/share/texmf/tex/generic/pgf/math/pgfmathparser.code.tex
\pgfmath@dimen=\dimen137
\pgfmath@count=\count112
\pgfmath@box=\box35
\pgfmath@toks=\toks20
\pgfmath@stack@operand=\toks21
\pgfmath@stack@operation=\toks22
)
(/usr/share/texmf/tex/generic/pgf/math/pgfmathfunctions.code.tex
(/usr/share/texmf/tex/generic/pgf/math/pgfmathfunctions.basic.code.tex)
(/usr/share/texmf/tex/generic/pgf/math/pgfmathfunctions.trigonometric.code.tex)
(/usr/share/texmf/tex/generic/pgf/math/pgfmathfunctions.random.code.tex)
(/usr/share/texmf/tex/generic/pgf/math/pgfmathfunctions.comparison.code.tex)
(/usr/share/texmf/tex/generic/pgf/math/pgfmathfunctions.base.code.tex)
(/usr/share/texmf/tex/generic/pgf/math/pgfmathfunctions.round.code.tex)
(/usr/share/texmf/tex/generic/pgf/math/pgfmathfunctions.misc.code.tex)))
(/usr/share/texmf/tex/generic/pgf/math/pgfmathfloat.code.tex
\c@pgfmathroundto@lastzeros=\count113
))
(/usr/share/texmf/tex/generic/pgf/basiclayer/pgfcorepoints.code.tex
File: pgfcorepoints.code.tex 2010/04/09  (rcs-revision 1.20)
\pgf@picminx=\dimen138
\pgf@picmaxx=\dimen139
\pgf@picminy=\dimen140
\pgf@picmaxy=\dimen141
\pgf@pathminx=\dimen142
\pgf@pathmaxx=\dimen143
\pgf@pathminy=\dimen144
\pgf@pathmaxy=\dimen145
\pgf@xx=\dimen146
\pgf@xy=\dimen147
\pgf@yx=\dimen148
\pgf@yy=\dimen149
\pgf@zx=\dimen150
\pgf@zy=\dimen151
)
(/usr/share/texmf/tex/generic/pgf/basiclayer/pgfcorepathconstruct.code.tex
File: pgfcorepathconstruct.code.tex 2010/08/03  (rcs-revision 1.24)
\pgf@path@lastx=\dimen152
\pgf@path@lasty=\dimen153
)
(/usr/share/texmf/tex/generic/pgf/basiclayer/pgfcorepathusage.code.tex
File: pgfcorepathusage.code.tex 2008/04/22  (rcs-revision 1.12)
\pgf@shorten@end@additional=\dimen154
\pgf@shorten@start@additional=\dimen155
)
(/usr/share/texmf/tex/generic/pgf/basiclayer/pgfcorescopes.code.tex
File: pgfcorescopes.code.tex 2010/09/08  (rcs-revision 1.34)
\pgfpic=\box36
\pgf@hbox=\box37
\pgf@layerbox@main=\box38
\pgf@picture@serial@count=\count114
)
(/usr/share/texmf/tex/generic/pgf/basiclayer/pgfcoregraphicstate.code.tex
File: pgfcoregraphicstate.code.tex 2008/04/22  (rcs-revision 1.9)
\pgflinewidth=\dimen156
)
(/usr/share/texmf/tex/generic/pgf/basiclayer/pgfcoretransformations.code.tex
File: pgfcoretransformations.code.tex 2009/06/10  (rcs-revision 1.11)
\pgf@pt@x=\dimen157
\pgf@pt@y=\dimen158
\pgf@pt@temp=\dimen159
)
(/usr/share/texmf/tex/generic/pgf/basiclayer/pgfcorequick.code.tex
File: pgfcorequick.code.tex 2008/10/09  (rcs-revision 1.3)
)
(/usr/share/texmf/tex/generic/pgf/basiclayer/pgfcoreobjects.code.tex
File: pgfcoreobjects.code.tex 2006/10/11  (rcs-revision 1.2)
)
(/usr/share/texmf/tex/generic/pgf/basiclayer/pgfcorepathprocessing.code.tex
File: pgfcorepathprocessing.code.tex 2008/10/09  (rcs-revision 1.8)
)
(/usr/share/texmf/tex/generic/pgf/basiclayer/pgfcorearrows.code.tex
File: pgfcorearrows.code.tex 2008/04/23  (rcs-revision 1.11)
)
(/usr/share/texmf/tex/generic/pgf/basiclayer/pgfcoreshade.code.tex
File: pgfcoreshade.code.tex 2008/11/23  (rcs-revision 1.13)
\pgf@max=\dimen160
\pgf@sys@shading@range@num=\count115
)
(/usr/share/texmf/tex/generic/pgf/basiclayer/pgfcoreimage.code.tex
File: pgfcoreimage.code.tex 2010/03/25  (rcs-revision 1.16)

(/usr/share/texmf/tex/generic/pgf/basiclayer/pgfcoreexternal.code.tex
File: pgfcoreexternal.code.tex 2010/09/01  (rcs-revision 1.17)
\pgfexternal@startupbox=\box39
))
(/usr/share/texmf/tex/generic/pgf/basiclayer/pgfcorelayers.code.tex
File: pgfcorelayers.code.tex 2010/08/27  (rcs-revision 1.2)
)
(/usr/share/texmf/tex/generic/pgf/basiclayer/pgfcoretransparency.code.tex
File: pgfcoretransparency.code.tex 2008/01/17  (rcs-revision 1.2)
)
(/usr/share/texmf/tex/generic/pgf/basiclayer/pgfcorepatterns.code.tex
File: pgfcorepatterns.code.tex 2009/07/02  (rcs-revision 1.3)
)))
(/usr/share/texmf/tex/latex/pgf/utilities/xxcolor.sty
Package: xxcolor 2003/10/24 ver 0.1
\XC@nummixins=\count116
\XC@countmixins=\count117
)
(/usr/share/texlive/texmf-dist/tex/latex/hyperref/hyperref.sty
Package: hyperref 2012/11/06 v6.83m Hypertext links for LaTeX

(/usr/share/texlive/texmf-dist/tex/generic/oberdiek/hobsub-hyperref.sty
Package: hobsub-hyperref 2012/05/28 v1.13 Bundle oberdiek, subset hyperref (HO)


(/usr/share/texlive/texmf-dist/tex/generic/oberdiek/hobsub-generic.sty
Package: hobsub-generic 2012/05/28 v1.13 Bundle oberdiek, subset generic (HO)
Package: hobsub 2012/05/28 v1.13 Construct package bundles (HO)
Package hobsub Info: Skipping package `infwarerr' (already loaded).
Package hobsub Info: Skipping package `ltxcmds' (already loaded).
Package: ifluatex 2010/03/01 v1.3 Provides the ifluatex switch (HO)
Package ifluatex Info: LuaTeX not detected.
Package hobsub Info: Skipping package `ifvtex' (already loaded).
Package: intcalc 2007/09/27 v1.1 Expandable calculations with integers (HO)
Package hobsub Info: Skipping package `ifpdf' (already loaded).
Package: etexcmds 2011/02/16 v1.5 Avoid name clashes with e-TeX commands (HO)
Package etexcmds Info: Could not find \expanded.
(etexcmds)             That can mean that you are not using pdfTeX 1.50 or
(etexcmds)             that some package has redefined \expanded.
(etexcmds)             In the latter case, load this package earlier.
Package: kvsetkeys 2012/04/25 v1.16 Key value parser (HO)
Package: kvdefinekeys 2011/04/07 v1.3 Define keys (HO)
Package: pdftexcmds 2011/11/29 v0.20 Utility functions of pdfTeX for LuaTeX (HO
)
Package pdftexcmds Info: LuaTeX not detected.
Package pdftexcmds Info: \pdf@primitive is available.
Package pdftexcmds Info: \pdf@ifprimitive is available.
Package pdftexcmds Info: \pdfdraftmode found.
Package: pdfescape 2011/11/25 v1.13 Implements pdfTeX's escape features (HO)
Package: bigintcalc 2012/04/08 v1.3 Expandable calculations on big integers (HO
)
Package: bitset 2011/01/30 v1.1 Handle bit-vector datatype (HO)
Package: uniquecounter 2011/01/30 v1.2 Provide unlimited unique counter (HO)
)
Package hobsub Info: Skipping package `hobsub' (already loaded).
Package: letltxmacro 2010/09/02 v1.4 Let assignment for LaTeX macros (HO)
Package: hopatch 2012/05/28 v1.2 Wrapper for package hooks (HO)
Package: xcolor-patch 2011/01/30 xcolor patch
Package: atveryend 2011/06/30 v1.8 Hooks at the very end of document (HO)
Package atveryend Info: \enddocument detected (standard20110627).
Package: atbegshi 2011/10/05 v1.16 At begin shipout hook (HO)
Package: refcount 2011/10/16 v3.4 Data extraction from label references (HO)
Package: hycolor 2011/01/30 v1.7 Color options for hyperref/bookmark (HO)
)
(/usr/share/texlive/texmf-dist/tex/latex/oberdiek/auxhook.sty
Package: auxhook 2011/03/04 v1.3 Hooks for auxiliary files (HO)
)
(/usr/share/texlive/texmf-dist/tex/latex/oberdiek/kvoptions.sty
Package: kvoptions 2011/06/30 v3.11 Key value format for package options (HO)
)
\@linkdim=\dimen161
\Hy@linkcounter=\count118
\Hy@pagecounter=\count119

(/usr/share/texlive/texmf-dist/tex/latex/hyperref/pd1enc.def
File: pd1enc.def 2012/11/06 v6.83m Hyperref: PDFDocEncoding definition (HO)
)
\Hy@SavedSpaceFactor=\count120

(/usr/share/texlive/texmf-dist/tex/latex/latexconfig/hyperref.cfg
File: hyperref.cfg 2002/06/06 v1.2 hyperref configuration of TeXLive
)
Package hyperref Info: Option `bookmarks' set `true' on input line 4319.
Package hyperref Info: Option `bookmarksopen' set `true' on input line 4319.
Package hyperref Info: Option `implicit' set `false' on input line 4319.
Package hyperref Info: Hyper figures OFF on input line 4443.
Package hyperref Info: Link nesting OFF on input line 4448.
Package hyperref Info: Hyper index ON on input line 4451.
Package hyperref Info: Plain pages OFF on input line 4458.
Package hyperref Info: Backreferencing OFF on input line 4463.
Package hyperref Info: Implicit mode OFF; no redefinition of LaTeX internals.
Package hyperref Info: Bookmarks ON on input line 4688.
\c@Hy@tempcnt=\count121

(/usr/share/texlive/texmf-dist/tex/latex/url/url.sty
\Urlmuskip=\muskip10
Package: url 2013/09/16  ver 3.4  Verb mode for urls, etc.
)
LaTeX Info: Redefining \url on input line 5041.
\XeTeXLinkMargin=\dimen162
\Fld@menulength=\count122
\Field@Width=\dimen163
\Fld@charsize=\dimen164
Package hyperref Info: Hyper figures OFF on input line 6295.
Package hyperref Info: Link nesting OFF on input line 6300.
Package hyperref Info: Hyper index ON on input line 6303.
Package hyperref Info: backreferencing OFF on input line 6310.
Package hyperref Info: Link coloring OFF on input line 6315.
Package hyperref Info: Link coloring with OCG OFF on input line 6320.
Package hyperref Info: PDF/A mode OFF on input line 6325.
LaTeX Info: Redefining \ref on input line 6365.
LaTeX Info: Redefining \pageref on input line 6369.
\Hy@abspage=\count123


Package hyperref Message: Stopped early.

)

Package hyperref Message: Driver (autodetected): hpdftex.

(/usr/share/texlive/texmf-dist/tex/latex/hyperref/hpdftex.def
File: hpdftex.def 2012/11/06 v6.83m Hyperref driver for pdfTeX
\Fld@listcount=\count124
\c@bookmark@seq@number=\count125

(/usr/share/texlive/texmf-dist/tex/latex/oberdiek/rerunfilecheck.sty
Package: rerunfilecheck 2011/04/15 v1.7 Rerun checks for auxiliary files (HO)
Package uniquecounter Info: New unique counter `rerunfilecheck' on input line 2
82.
))
(/usr/share/texmf/tex/latex/beamer/base/beamerbaserequires.sty
Package: beamerbaserequires 2010/05/01  (rcs-revision efa082c6111d)

(/usr/share/texmf/tex/latex/beamer/base/beamerbasecompatibility.sty
Package: beamerbasecompatibility 2012/05/01  (rcs-revision 67c48b3b652d)
)
(/usr/share/texmf/tex/latex/beamer/base/beamerbasefont.sty
Package: beamerbasefont 2012/09/19  (rcs-revision 733629cd0c6c)

(/usr/share/texlive/texmf-dist/tex/latex/amsfonts/amssymb.sty
Package: amssymb 2013/01/14 v3.01 AMS font symbols

(/usr/share/texlive/texmf-dist/tex/latex/amsfonts/amsfonts.sty
Package: amsfonts 2013/01/14 v3.01 Basic AMSFonts support
\@emptytoks=\toks23
\symAMSa=\mathgroup4
\symAMSb=\mathgroup5
LaTeX Font Info:    Overwriting math alphabet `\mathfrak' in version `bold'
(Font)                  U/euf/m/n --> U/euf/b/n on input line 106.
)))
(/usr/share/texmf/tex/latex/beamer/base/beamerbasetranslator.sty
Package: beamerbasetranslator 2010/06/11  (rcs-revision 85fd1cc7fc42)

(/usr/share/texmf/tex/latex/beamer/base/translator/translator.sty
Package: translator 2010/06/12 ver 1.10

(/usr/share/texmf/tex/latex/beamer/base/translator/translator-language-mappings
.tex))) (/usr/share/texmf/tex/latex/beamer/base/beamerbasemisc.sty
Package: beamerbasemisc 2012/02/24  (rcs-revision 2ff5461be705)
)
(/usr/share/texmf/tex/latex/beamer/base/beamerbasetwoscreens.sty
Package: beamerbasetwoscreens 2010/05/01  (rcs-revision efa082c6111d)
)
(/usr/share/texmf/tex/latex/beamer/base/beamerbaseoverlay.sty
Package: beamerbaseoverlay 2012/11/11  (rcs-revision 6afbc49b1109)
\beamer@argscount=\count126
\beamer@lastskipcover=\skip44
\beamer@trivlistdepth=\count127
)
(/usr/share/texmf/tex/latex/beamer/base/beamerbasetitle.sty
Package: beamerbasetitle 2010/09/21  (rcs-revision f0446ed0b6ae)
)
(/usr/share/texmf/tex/latex/beamer/base/beamerbasesection.sty
Package: beamerbasesection 2012/11/11  (rcs-revision 0056eef6f17f)
\c@lecture=\count128
\c@part=\count129
\c@section=\count130
\c@subsection=\count131
\c@subsubsection=\count132
)
(/usr/share/texmf/tex/latex/beamer/base/beamerbaseframe.sty
Package: beamerbaseframe 2012/09/13  (rcs-revision dcd846607320)
\beamer@framebox=\box40
\beamer@frametitlebox=\box41
\beamer@zoombox=\box42
\beamer@zoomcount=\count133
\beamer@zoomframecount=\count134
\beamer@frametextheight=\dimen165
\c@subsectionslide=\count135
\beamer@frametopskip=\skip45
\beamer@framebottomskip=\skip46
\beamer@frametopskipautobreak=\skip47
\beamer@framebottomskipautobreak=\skip48
\beamer@envbody=\toks24
\framewidth=\dimen166
\c@framenumber=\count136
)
(/usr/share/texmf/tex/latex/beamer/base/beamerbaseverbatim.sty
Package: beamerbaseverbatim 2012/08/30  (rcs-revision dfdb135076b3)
\beamer@verbatimfileout=\write4
)
(/usr/share/texmf/tex/latex/beamer/base/beamerbaseframesize.sty
Package: beamerbaseframesize 2011/09/12  (rcs-revision 70f9d8411e54)
\beamer@splitbox=\box43
\beamer@autobreakcount=\count137
\beamer@autobreaklastheight=\dimen167
\beamer@frametitletoks=\toks25
\beamer@framesubtitletoks=\toks26
)
(/usr/share/texmf/tex/latex/beamer/base/beamerbaseframecomponents.sty
Package: beamerbaseframecomponents 2012/09/13  (rcs-revision dcd846607320)
\beamer@footins=\box44
)
(/usr/share/texmf/tex/latex/beamer/base/beamerbasecolor.sty
Package: beamerbasecolor 2010/06/06  (rcs-revision d1a9b48be06d)
)
(/usr/share/texmf/tex/latex/beamer/base/beamerbasenotes.sty
Package: beamerbasenotes 2010/05/01  (rcs-revision efa082c6111d)
\beamer@frameboxcopy=\box45
)
(/usr/share/texmf/tex/latex/beamer/base/beamerbasetoc.sty
Package: beamerbasetoc 2012/10/02  (rcs-revision 5ed0f4010e8a)
)
(/usr/share/texmf/tex/latex/beamer/base/beamerbasetemplates.sty
Package: beamerbasetemplates 2010/05/01  (rcs-revision efa082c6111d)
\beamer@sbttoks=\toks27

(/usr/share/texmf/tex/latex/beamer/base/beamerbaseauxtemplates.sty
Package: beamerbaseauxtemplates 2012/05/01  (rcs-revision 67c48b3b652d)

(/usr/share/texmf/tex/latex/beamer/base/beamerbaseboxes.sty
Package: beamerbaseboxes 2012/05/13  (rcs-revision 56972908a390)
\bmb@box=\box46
\bmb@colorbox=\box47
\bmb@boxshadow=\box48
\bmb@boxshadowball=\box49
\bmb@boxshadowballlarge=\box50
\bmb@temp=\dimen168
\bmb@dima=\dimen169
\bmb@dimb=\dimen170
\bmb@prevheight=\dimen171
)
\beamer@blockheadheight=\dimen172
))
(/usr/share/texmf/tex/latex/beamer/base/beamerbaselocalstructure.sty
Package: beamerbaselocalstructure 2012/11/13  (rcs-revision ddfba79dac19)

(/usr/share/texlive/texmf-dist/tex/latex/tools/enumerate.sty
Package: enumerate 1999/03/05 v3.00 enumerate extensions (DPC)
\@enLab=\toks28
)
\c@figure=\count138
\c@table=\count139
\abovecaptionskip=\skip49
\belowcaptionskip=\skip50
)
(/usr/share/texmf/tex/latex/beamer/base/beamerbasenavigation.sty
Package: beamerbasenavigation 2012/04/03  (rcs-revision 42a0f21a412d)
\beamer@section@min@dim=\dimen173
)
(/usr/share/texmf/tex/latex/beamer/base/beamerbasetheorems.sty
Package: beamerbasetheorems 2010/06/06  (rcs-revision 7e7cc5e53e9d)

(/usr/share/texlive/texmf-dist/tex/latex/amsmath/amsmath.sty
Package: amsmath 2013/01/14 v2.14 AMS math features
\@mathmargin=\skip51

For additional information on amsmath, use the `?' option.
(/usr/share/texlive/texmf-dist/tex/latex/amsmath/amstext.sty
Package: amstext 2000/06/29 v2.01

(/usr/share/texlive/texmf-dist/tex/latex/amsmath/amsgen.sty
File: amsgen.sty 1999/11/30 v2.0
\@emptytoks=\toks29
\ex@=\dimen174
))
(/usr/share/texlive/texmf-dist/tex/latex/amsmath/amsbsy.sty
Package: amsbsy 1999/11/29 v1.2d
\pmbraise@=\dimen175
)
(/usr/share/texlive/texmf-dist/tex/latex/amsmath/amsopn.sty
Package: amsopn 1999/12/14 v2.01 operator names
)
\inf@bad=\count140
LaTeX Info: Redefining \frac on input line 210.
\uproot@=\count141
\leftroot@=\count142
LaTeX Info: Redefining \overline on input line 306.
\classnum@=\count143
\DOTSCASE@=\count144
LaTeX Info: Redefining \ldots on input line 378.
LaTeX Info: Redefining \dots on input line 381.
LaTeX Info: Redefining \cdots on input line 466.
\Mathstrutbox@=\box51
\strutbox@=\box52
\big@size=\dimen176
LaTeX Font Info:    Redeclaring font encoding OML on input line 566.
LaTeX Font Info:    Redeclaring font encoding OMS on input line 567.
\macc@depth=\count145
\c@MaxMatrixCols=\count146
\dotsspace@=\muskip11
\c@parentequation=\count147
\dspbrk@lvl=\count148
\tag@help=\toks30
\row@=\count149
\column@=\count150
\maxfields@=\count151
\andhelp@=\toks31
\eqnshift@=\dimen177
\alignsep@=\dimen178
\tagshift@=\dimen179
\tagwidth@=\dimen180
\totwidth@=\dimen181
\lineht@=\dimen182
\@envbody=\toks32
\multlinegap=\skip52
\multlinetaggap=\skip53
\mathdisplay@stack=\toks33
LaTeX Info: Redefining \[ on input line 2665.
LaTeX Info: Redefining \] on input line 2666.
)
(/usr/share/texlive/texmf-dist/tex/latex/amscls/amsthm.sty
Package: amsthm 2004/08/06 v2.20
\thm@style=\toks34
\thm@bodyfont=\toks35
\thm@headfont=\toks36
\thm@notefont=\toks37
\thm@headpunct=\toks38
\thm@preskip=\skip54
\thm@postskip=\skip55
\thm@headsep=\skip56
\dth@everypar=\toks39
)
\c@theorem=\count152
)
(/usr/share/texmf/tex/latex/beamer/base/beamerbasethemes.sty
Package: beamerbasethemes 2010/05/01  (rcs-revision efa082c6111d)
))
(/usr/share/texmf/tex/latex/beamer/base/themes/theme/beamerthemedefault.sty
Package: beamerthemedefault 2010/06/17  (rcs-revision d02a7cf4d8ae)

(/usr/share/texmf/tex/latex/beamer/base/themes/font/beamerfontthemedefault.sty
Package: beamerfontthemedefault 2010/06/17  (rcs-revision d02a7cf4d8ae)
)
(/usr/share/texmf/tex/latex/beamer/base/themes/color/beamercolorthemedefault.st
y
Package: beamercolorthemedefault 2010/06/17  (rcs-revision d02a7cf4d8ae)
)
(/usr/share/texmf/tex/latex/beamer/base/themes/inner/beamerinnerthemedefault.st
y
Package: beamerinnerthemedefault 2012/05/01  (rcs-revision 67c48b3b652d)
\beamer@dima=\dimen183
\beamer@dimb=\dimen184
)
(/usr/share/texmf/tex/latex/beamer/base/themes/outer/beamerouterthemedefault.st
y
Package: beamerouterthemedefault 2012/10/02  (rcs-revision 5ed0f4010e8a)
))) (/usr/share/texlive/texmf-dist/tex/latex/textpos/textpos.sty
Package: textpos 2014/01/03 v1.7j

Package: textpos 2014/01/03 1.7j, absolute positioning of text on the page
\TP@textbox=\box53
\TP@holdbox=\box54
\TPHorizModule=\dimen185
\TPVertModule=\dimen186
\TP@margin=\dimen187
\TP@absmargin=\dimen188
Grid set 16 x 16 = 22.7622pt x 17.07166pt
\TPboxrulesize=\dimen189
\TP@ox=\dimen190
\TP@oy=\dimen191
\TP@tbargs=\toks40
\TP@prevdepth=\dimen192
TextBlockOrigin set to 0pt x 0pt
) (/usr/share/texlive/texmf-dist/tex/latex/fancybox/fancybox.sty
Package: fancybox 2010/05/15 1.4

Style option: `fancybox' v1.4 <2010/05/15> (tvz)
\@fancybox=\box55
\shadowsize=\dimen193
\@Sbox=\box56
\do@VerbBox=\toks41
\the@fancyput=\toks42
\this@fancyput=\toks43
\EndVerbatimTokens=\toks44
\Verbatim@Outfile=\write5
\Verbatim@Infile=\read2
)
(/usr/share/texmf/tex/latex/beamer/base/themes/inner/beamerinnerthemerectangles
.sty
Package: beamerinnerthemerectangles 2010/06/17  (rcs-revision d02a7cf4d8ae)
) (/usr/share/texlive/texmf-dist/tex/latex/movie15/movie15.sty
Package: movie15 2012/05/16

(/usr/share/texlive/texmf-dist/tex/latex/base/ifthen.sty
Package: ifthen 2001/05/26 v1.1c Standard LaTeX ifthen package (DPC)
)
(/usr/share/texlive/texmf-dist/tex/latex/oberdiek/ifdraft.sty
Package: ifdraft 2008/08/11 v1.3 Detect class options draft and final (HO)
)
\@MXV@page=\count153
\@MXV@adict=\count154
\@MXV@aadict=\count155
\@MXV@includes=\count156
\@MXV@players=\count157
\@MXV@links=\count158
\@MXV@width=\dimen194
\@MXV@height=\dimen195
\@MXV@depth=\dimen196
\@MXV@totalheight=\dimen197
\@MXV@@boxdepth=\dimen198
\@MXV@traiselen=\dimen199
\@MXV@braiselen=\dimen200
\@MXV@start=\dimen201
\@MXV@end=\dimen202
\@MXV@textbox=\box57
)
(/usr/share/texmf/tex/latex/beamer/base/themes/theme/beamerthemeCambridgeUS.sty
Package: beamerthemeCambridgeUS 2010/06/17  (rcs-revision d02a7cf4d8ae)

(/usr/share/texmf/tex/latex/beamer/base/themes/inner/beamerinnerthemerounded.st
y
Package: beamerinnerthemerounded 2010/06/17  (rcs-revision d02a7cf4d8ae)
)
(/usr/share/texmf/tex/latex/beamer/base/themes/outer/beamerouterthemeinfolines.
sty
Package: beamerouterthemeinfolines 2012/10/16  (rcs-revision 51a8c72084af)
)
(/usr/share/texmf/tex/latex/beamer/base/themes/color/beamercolorthemebeaver.sty
Package: beamercolorthemebeaver 2010/06/17  (rcs-revision d02a7cf4d8ae)
))
(/usr/share/texmf/tex/latex/beamer/base/themes/color/beamercolorthemeseagull.st
y
Package: beamercolorthemeseagull 2012/02/23  (rcs-revision 406bcaf3a3c7)
) (/usr/share/texlive/texmf-dist/tex/generic/babel/babel.sty
Package: babel 2013/12/03 3.9h The Babel package

(/usr/share/texlive/texmf-dist/tex/generic/babel-english/english.ldf
Language: english 2012/08/20 v3.3p English support from the babel system

(/usr/share/texlive/texmf-dist/tex/generic/babel/babel.def
File: babel.def 2013/12/03 3.9h Babel common definitions
LaTeX Info: Redefining \textlatin on input line 137.
\babel@savecnt=\count159
\U@D=\dimen203
)
\l@canadian = a dialect from \language\l@american 
\l@australian = a dialect from \language\l@british 
\l@newzealand = a dialect from \language\l@british 
))
(/usr/share/texlive/texmf-dist/tex/latex/base/inputenc.sty
Package: inputenc 2008/03/30 v1.1d Input encoding file
\inpenc@prehook=\toks45
\inpenc@posthook=\toks46

(/usr/share/texlive/texmf-dist/tex/latex/base/latin1.def
File: latin1.def 2008/03/30 v1.1d Input encoding file
))
(/usr/share/texlive/texmf-dist/tex/latex/psnfss/times.sty
Package: times 2005/04/12 PSNFSS-v9.2a (SPQR) 
)
(/usr/share/texlive/texmf-dist/tex/latex/base/fontenc.sty
Package: fontenc 2005/09/27 v1.99g Standard LaTeX package

(/usr/share/texlive/texmf-dist/tex/latex/base/t1enc.def
File: t1enc.def 2005/09/27 v1.99g Standard LaTeX file
LaTeX Font Info:    Redeclaring font encoding T1 on input line 43.
))

Package hyperref Warning: Token not allowed in a PDF string (PDFDocEncoding):
(hyperref)                removing `\\' on input line 59.

(./seattleJune2016.aux)
\openout1 = `seattleJune2016.aux'.

LaTeX Font Info:    Checking defaults for OML/cmm/m/it on input line 92.
LaTeX Font Info:    ... okay on input line 92.
LaTeX Font Info:    Checking defaults for T1/cmr/m/n on input line 92.
LaTeX Font Info:    ... okay on input line 92.
LaTeX Font Info:    Checking defaults for OT1/cmr/m/n on input line 92.
LaTeX Font Info:    ... okay on input line 92.
LaTeX Font Info:    Checking defaults for OMS/cmsy/m/n on input line 92.
LaTeX Font Info:    ... okay on input line 92.
LaTeX Font Info:    Checking defaults for OMX/cmex/m/n on input line 92.
LaTeX Font Info:    ... okay on input line 92.
LaTeX Font Info:    Checking defaults for U/cmr/m/n on input line 92.
LaTeX Font Info:    ... okay on input line 92.
LaTeX Font Info:    Checking defaults for PD1/pdf/m/n on input line 92.
LaTeX Font Info:    ... okay on input line 92.
LaTeX Font Info:    Try loading font information for T1+phv on input line 92.

(/usr/share/texlive/texmf-dist/tex/latex/psnfss/t1phv.fd
File: t1phv.fd 2001/06/04 scalable font definitions for T1/phv.
)
*geometry* driver: auto-detecting
*geometry* detected driver: pdftex
*geometry* verbose mode - [ preamble ] result:
* driver: pdftex
* paper: custom
* layout: <same size as paper>
* layoutoffset:(h,v)=(0.0pt,0.0pt)
* modes: includehead includefoot 
* h-part:(L,W,R)=(10.95003pt, 342.2953pt, 10.95003pt)
* v-part:(T,H,B)=(0.0pt, 273.14662pt, 0.0pt)
* \paperwidth=364.19536pt
* \paperheight=273.14662pt
* \textwidth=342.2953pt
* \textheight=244.6939pt
* \oddsidemargin=-61.31996pt
* \evensidemargin=-61.31996pt
* \topmargin=-72.26999pt
* \headheight=14.22636pt
* \headsep=0.0pt
* \topskip=11.0pt
* \footskip=14.22636pt
* \marginparwidth=4.0pt
* \marginparsep=10.0pt
* \columnsep=10.0pt
* \skip\footins=10.0pt plus 4.0pt minus 2.0pt
* \hoffset=0.0pt
* \voffset=0.0pt
* \mag=1000
* \@twocolumnfalse
* \@twosidefalse
* \@mparswitchfalse
* \@reversemarginfalse
* (1in=72.27pt=25.4mm, 1cm=28.453pt)

(/usr/share/texlive/texmf-dist/tex/context/base/supp-pdf.mkii
[Loading MPS to PDF converter (version 2006.09.02).]
\scratchcounter=\count160
\scratchdimen=\dimen204
\scratchbox=\box58
\nofMPsegments=\count161
\nofMParguments=\count162
\everyMPshowfont=\toks47
\MPscratchCnt=\count163
\MPscratchDim=\dimen205
\MPnumerator=\count164
\makeMPintoPDFobject=\count165
\everyMPtoPDFconversion=\toks48
) (/usr/share/texlive/texmf-dist/tex/latex/oberdiek/epstopdf-base.sty
Package: epstopdf-base 2010/02/09 v2.5 Base part for package epstopdf

(/usr/share/texlive/texmf-dist/tex/latex/oberdiek/grfext.sty
Package: grfext 2010/08/19 v1.1 Manage graphics extensions (HO)
)
Package grfext Info: Graphics extension search list:
(grfext)             [.png,.pdf,.jpg,.mps,.jpeg,.jbig2,.jb2,.PNG,.PDF,.JPG,.JPE
G,.JBIG2,.JB2,.eps]
(grfext)             \AppendGraphicsExtensions on input line 452.

(/usr/share/texlive/texmf-dist/tex/latex/latexconfig/epstopdf-sys.cfg
File: epstopdf-sys.cfg 2010/07/13 v1.3 Configuration of (r)epstopdf for TeX Liv
e
))
ABD: EveryShipout initializing macros
\AtBeginShipoutBox=\box59
Package hyperref Info: Link coloring OFF on input line 92.

(/usr/share/texlive/texmf-dist/tex/latex/hyperref/nameref.sty
Package: nameref 2012/10/27 v2.43 Cross-referencing by name of section

(/usr/share/texlive/texmf-dist/tex/generic/oberdiek/gettitlestring.sty
Package: gettitlestring 2010/12/03 v1.4 Cleanup title references (HO)
)
\c@section@level=\count166
)
LaTeX Info: Redefining \ref on input line 92.
LaTeX Info: Redefining \pageref on input line 92.
LaTeX Info: Redefining \nameref on input line 92.

(./seattleJune2016.out) (./seattleJune2016.out)
\@outlinefile=\write6
\openout6 = `seattleJune2016.out'.

LaTeX Font Info:    Overwriting symbol font `operators' in version `normal'
(Font)                  OT1/cmr/m/n --> OT1/cmss/m/n on input line 92.
LaTeX Font Info:    Overwriting symbol font `operators' in version `bold'
(Font)                  OT1/cmr/bx/n --> OT1/cmss/bx/n on input line 92.
\symnumbers=\mathgroup6
\sympureletters=\mathgroup7
LaTeX Font Info:    Overwriting math alphabet `\mathrm' in version `normal'
(Font)                  OT1/cmss/m/n --> T1/ptm/m/n on input line 92.
LaTeX Font Info:    Redeclaring math alphabet \mathbf on input line 92.
LaTeX Font Info:    Overwriting math alphabet `\mathbf' in version `normal'
(Font)                  OT1/cmr/bx/n --> T1/phv/bx/n on input line 92.
LaTeX Font Info:    Overwriting math alphabet `\mathbf' in version `bold'
(Font)                  OT1/cmr/bx/n --> T1/phv/bx/n on input line 92.
LaTeX Font Info:    Redeclaring math alphabet \mathsf on input line 92.
LaTeX Font Info:    Overwriting math alphabet `\mathsf' in version `normal'
(Font)                  OT1/cmss/m/n --> T1/phv/m/n on input line 92.
LaTeX Font Info:    Overwriting math alphabet `\mathsf' in version `bold'
(Font)                  OT1/cmss/bx/n --> T1/phv/m/n on input line 92.
LaTeX Font Info:    Redeclaring math alphabet \mathit on input line 92.
LaTeX Font Info:    Overwriting math alphabet `\mathit' in version `normal'
(Font)                  OT1/cmr/m/it --> T1/phv/m/it on input line 92.
LaTeX Font Info:    Overwriting math alphabet `\mathit' in version `bold'
(Font)                  OT1/cmr/bx/it --> T1/phv/m/it on input line 92.
LaTeX Font Info:    Redeclaring math alphabet \mathtt on input line 92.
LaTeX Font Info:    Overwriting math alphabet `\mathtt' in version `normal'
(Font)                  OT1/cmtt/m/n --> T1/pcr/m/n on input line 92.
LaTeX Font Info:    Overwriting math alphabet `\mathtt' in version `bold'
(Font)                  OT1/cmtt/m/n --> T1/pcr/m/n on input line 92.
LaTeX Font Info:    Overwriting symbol font `numbers' in version `bold'
(Font)                  T1/phv/m/n --> T1/phv/bx/n on input line 92.
LaTeX Font Info:    Overwriting symbol font `pureletters' in version `bold'
(Font)                  T1/phv/m/it --> T1/phv/bx/it on input line 92.
LaTeX Font Info:    Overwriting math alphabet `\mathrm' in version `bold'
(Font)                  OT1/cmss/bx/n --> T1/ptm/bx/n on input line 92.
LaTeX Font Info:    Overwriting math alphabet `\mathbf' in version `bold'
(Font)                  T1/phv/bx/n --> T1/phv/bx/n on input line 92.
LaTeX Font Info:    Overwriting math alphabet `\mathsf' in version `bold'
(Font)                  T1/phv/m/n --> T1/phv/bx/n on input line 92.
LaTeX Font Info:    Overwriting math alphabet `\mathit' in version `bold'
(Font)                  T1/phv/m/it --> T1/phv/bx/it on input line 92.
LaTeX Font Info:    Overwriting math alphabet `\mathtt' in version `bold'
(Font)                  T1/pcr/m/n --> T1/pcr/bx/n on input line 92.

(/usr/share/texmf/tex/latex/beamer/base/translator/dicts/translator-basic-dicti
onary/translator-basic-dictionary-English.dict
Dictionary: translator-basic-dictionary, Language: English 
)
(/usr/share/texmf/tex/latex/beamer/base/translator/dicts/translator-bibliograph
y-dictionary/translator-bibliography-dictionary-English.dict
Dictionary: translator-bibliography-dictionary, Language: English 
)
(/usr/share/texmf/tex/latex/beamer/base/translator/dicts/translator-environment
-dictionary/translator-environment-dictionary-English.dict
Dictionary: translator-environment-dictionary, Language: English 
)
(/usr/share/texmf/tex/latex/beamer/base/translator/dicts/translator-months-dict
ionary/translator-months-dictionary-English.dict
Dictionary: translator-months-dictionary, Language: English 
)
(/usr/share/texmf/tex/latex/beamer/base/translator/dicts/translator-numbers-dic
tionary/translator-numbers-dictionary-English.dict
Dictionary: translator-numbers-dictionary, Language: English 
)
(/usr/share/texmf/tex/latex/beamer/base/translator/dicts/translator-theorem-dic
tionary/translator-theorem-dictionary-English.dict
Dictionary: translator-theorem-dictionary, Language: English 
)
LaTeX Info: Redefining \includegraphics on input line 92.
 (./seattleJune2016.nav)
LaTeX Font Info:    Font shape `T1/phv/bx/n' in size <14.4> not available
(Font)              Font shape `T1/phv/b/n' tried instead on input line 98.
LaTeX Font Info:    Font shape `T1/phv/bx/n' in size <10> not available
(Font)              Font shape `T1/phv/b/n' tried instead on input line 98.
LaTeX Font Info:    Try loading font information for U+msa on input line 98.

(/usr/share/texlive/texmf-dist/tex/latex/amsfonts/umsa.fd
File: umsa.fd 2013/01/14 v3.01 AMS symbols A
)
LaTeX Font Info:    Try loading font information for U+msb on input line 98.

(/usr/share/texlive/texmf-dist/tex/latex/amsfonts/umsb.fd
File: umsb.fd 2013/01/14 v3.01 AMS symbols B
)
LaTeX Font Info:    Font shape `T1/phv/m/it' in size <10.95> not available
(Font)              Font shape `T1/phv/m/sl' tried instead on input line 98.
LaTeX Font Info:    Font shape `T1/phv/m/it' in size <8> not available
(Font)              Font shape `T1/phv/m/sl' tried instead on input line 98.
LaTeX Font Info:    Font shape `T1/phv/m/it' in size <6> not available
(Font)              Font shape `T1/phv/m/sl' tried instead on input line 98.
LaTeX Font Info:    Font shape `T1/phv/m/it' in size <5> not available
(Font)              Font shape `T1/phv/m/sl' tried instead on input line 98.

<mitLogo.jpg, id=37, 250.9375pt x 250.9375pt>
File: mitLogo.jpg Graphic file (type jpg)
 <use mitLogo.jpg>
Package pdftex.def Info: mitLogo.jpg used on input line 98.
(pdftex.def)             Requested size: 56.36992pt x 56.37042pt.

<logoNOCS.png, id=38, 1022.31938pt x 233.37187pt>
File: logoNOCS.png Graphic file (type png)
 <use logoNOCS.png>
Package pdftex.def Info: logoNOCS.png used on input line 98.
(pdftex.def)             Requested size: 122.85876pt x 28.04257pt.

<icss_logo.png, id=39, 1037.7972pt x 247.1634pt>
File: icss_logo.png Graphic file (type png)
 <use icss_logo.png>
Package pdftex.def Info: icss_logo.png used on input line 98.
(pdftex.def)             Requested size: 79.49744pt x 18.93245pt.

Overfull \vbox (17.9171pt too high) detected at line 98
 []

[1

{/var/lib/texmf/fonts/map/pdftex/updmap/pdftex.map} <./mitLogo.jpg> <./logoNOCS
.png> <./icss_logo.png>] (./seattleJune2016.toc)
<occam.png, id=84, 352.6776pt x 268.8444pt>
File: occam.png Graphic file (type png)
 <use occam.png>
Package pdftex.def Info: occam.png used on input line 113.
(pdftex.def)             Requested size: 144.54pt x 110.1818pt.
LaTeX Font Info:    Font shape `T1/phv/bx/n' in size <10.95> not available
(Font)              Font shape `T1/phv/b/n' tried instead on input line 113.
 [2

 <./occam.png>]
<accuracy_rez.png, id=121, 298.716pt x 360.547pt>
File: accuracy_rez.png Graphic file (type png)
 <use accuracy_rez.png>
Package pdftex.def Info: accuracy_rez.png used on input line 131.
(pdftex.def)             Requested size: 108.405pt x 130.84209pt.

[3

 <./accuracy_rez.png>]
File: accuracy_rez.png Graphic file (type png)
 <use accuracy_rez.png>
Package pdftex.def Info: accuracy_rez.png used on input line 131.
(pdftex.def)             Requested size: 108.405pt x 130.84209pt.
 [4

]
<Logo_NEMO.png, id=185, 44.5665pt x 14.2131pt>
File: Logo_NEMO.png Graphic file (type png)
 <use Logo_NEMO.png>
Package pdftex.def Info: Logo_NEMO.png used on input line 150.
(pdftex.def)             Requested size: 136.91603pt x 43.66884pt.
 [5

 <./Logo_NEMO.png>] [6

] <MOC_biasPrez2.png, id=246, 596.2275pt x 1069.9975pt>
File: MOC_biasPrez2.png Graphic file (type png)

<use MOC_biasPrez2.png>
Package pdftex.def Info: MOC_biasPrez2.png used on input line 197.
(pdftex.def)             Requested size: 122.85876pt x 220.47745pt.
LaTeX Font Info:    Font shape `T1/phv/m/it' in size <10> not available
(Font)              Font shape `T1/phv/m/sl' tried instead on input line 197.

Overfull \vbox (3.6989pt too high) detected at line 197
 []

[7

 <./MOC_biasPrez2.png>]
! Illegal unit of measure (pt inserted).
<to be read again> 
                   \vskip 
l.236 \end{frame}
                 
Dimensions can be in units of em, ex, in, pt, pc,
cm, mm, dd, cc, nd, nc, bp, or sp; but yours is a new one!
I'll assume that you meant to say pt, for printer's points.
To recover gracefully from this error, it's best to
delete the erroneous units; e.g., type `2' to delete
two letters. (See Chapter 27 of The TeXbook.)

! Illegal unit of measure (pt inserted).
<to be read again> 
                   \vskip 
l.236 \end{frame}
                 
Dimensions can be in units of em, ex, in, pt, pc,
cm, mm, dd, cc, nd, nc, bp, or sp; but yours is a new one!
I'll assume that you meant to say pt, for printer's points.
To recover gracefully from this error, it's best to
delete the erroneous units; e.g., type `2' to delete
two letters. (See Chapter 27 of The TeXbook.)


LaTeX Warning: File `/home/maike/Documents/EGU2015/NEMOwLogo.png' not found on 
input line 236.


! Package pdftex.def Error: File `/home/maike/Documents/EGU2015/NEMOwLogo.png' 
not found.

See the pdftex.def package documentation for explanation.
Type  H <return>  for immediate help.
 ...                                              
                                                  
l.236 \end{frame}
                 
Using draft setting for this image.
Try typing  <return>  to proceed.
If that doesn't work, type  X <return>  to quit.

LaTeX Font Info:    Try loading font information for T1+pcr on input line 236.
(/usr/share/texlive/texmf-dist/tex/latex/psnfss/t1pcr.fd
File: t1pcr.fd 2001/06/04 font definitions for T1/pcr.
) [8

]
! Illegal unit of measure (pt inserted).
<to be read again> 
                   \vskip 
l.236 \end{frame}
                 
Dimensions can be in units of em, ex, in, pt, pc,
cm, mm, dd, cc, nd, nc, bp, or sp; but yours is a new one!
I'll assume that you meant to say pt, for printer's points.
To recover gracefully from this error, it's best to
delete the erroneous units; e.g., type `2' to delete
two letters. (See Chapter 27 of The TeXbook.)

! Illegal unit of measure (pt inserted).
<to be read again> 
                   \vskip 
l.236 \end{frame}
                 
Dimensions can be in units of em, ex, in, pt, pc,
cm, mm, dd, cc, nd, nc, bp, or sp; but yours is a new one!
I'll assume that you meant to say pt, for printer's points.
To recover gracefully from this error, it's best to
delete the erroneous units; e.g., type `2' to delete
two letters. (See Chapter 27 of The TeXbook.)


LaTeX Warning: File `/home/maike/Documents/EGU2015/NEMOwLogo.png' not found on 
input line 236.


! Package pdftex.def Error: File `/home/maike/Documents/EGU2015/NEMOwLogo.png' 
not found.

See the pdftex.def package documentation for explanation.
Type  H <return>  for immediate help.
 ...                                              
                                                  
l.236 \end{frame}
                 
Using draft setting for this image.
Try typing  <return>  to proceed.
If that doesn't work, type  X <return>  to quit.

[9

]
LaTeX Font Info:    Font shape `T1/phv/m/it' in size <7> not available
(Font)              Font shape `T1/phv/m/sl' tried instead on input line 261.

! Illegal unit of measure (pt inserted).
<to be read again> 
                   \vskip 
l.261 \end{frame}
                 
Dimensions can be in units of em, ex, in, pt, pc,
cm, mm, dd, cc, nd, nc, bp, or sp; but yours is a new one!
I'll assume that you meant to say pt, for printer's points.
To recover gracefully from this error, it's best to
delete the erroneous units; e.g., type `2' to delete
two letters. (See Chapter 27 of The TeXbook.)


LaTeX Warning: File `/home/maike/Documents/EGU2015/marshallSpeer.jpg' not found
 on input line 261.


! Package pdftex.def Error: File `/home/maike/Documents/EGU2015/marshallSpeer.j
pg' not found.

See the pdftex.def package documentation for explanation.
Type  H <return>  for immediate help.
 ...                                              
                                                  
l.261 \end{frame}
                 
Using draft setting for this image.
Try typing  <return>  to proceed.
If that doesn't work, type  X <return>  to quit.

[10

]
LaTeX Font Info:    Font shape `T1/phv/m/it' in size <12> not available
(Font)              Font shape `T1/phv/m/sl' tried instead on input line 292.


LaTeX Font Warning: Command \huge invalid in math mode on input line 292.

<zikaOverturning.png, id=367, 676.77844pt x 393.72093pt>
File: zikaOverturning.png Graphic file (type png)

<use zikaOverturning.png>
Package pdftex.def Info: zikaOverturning.png used on input line 292.
(pdftex.def)             Requested size: 273.83728pt x 159.31192pt.
LaTeX Font Info:    Font shape `T1/phv/m/it' in size <14.4> not available
(Font)              Font shape `T1/phv/m/sl' tried instead on input line 292.
 [11

 <./zikaOverturning.png>]
<demoPsi.png, id=399, 346.65443pt x 231.10295pt>
File: demoPsi.png Graphic file (type png)
 <use demoPsi.png>
Package pdftex.def Info: demoPsi.png used on input line 302.
(pdftex.def)             Requested size: 342.2953pt x 228.2143pt.

Overfull \vbox (41.43575pt too high) detected at line 302
 []

[12

 <./demoPsi.png>]
<mocsigORCA1_fullMeanStreatchedP.png, id=428, 433.62pt x 289.08pt>
File: mocsigORCA1_fullMeanStreatchedP.png Graphic file (type png)

<use mocsigORCA1_fullMeanStreatchedP.png>
Package pdftex.def Info: mocsigORCA1_fullMeanStreatchedP.png used on input line
 314.
(pdftex.def)             Requested size: 171.14764pt x 114.09932pt.

<mocsigORCA025_fullMeanStreatchedP.png, id=429, 433.62pt x 289.08pt>
File: mocsigORCA025_fullMeanStreatchedP.png Graphic file (type png)

<use mocsigORCA025_fullMeanStreatchedP.png>
Package pdftex.def Info: mocsigORCA025_fullMeanStreatchedP.png used on input li
ne 314.
(pdftex.def)             Requested size: 171.14764pt x 114.09932pt.

<mocsigORCA12_fullMeanStreatchedP.png, id=430, 433.62pt x 289.08pt>
File: mocsigORCA12_fullMeanStreatchedP.png Graphic file (type png)

<use mocsigORCA12_fullMeanStreatchedP.png>
Package pdftex.def Info: mocsigORCA12_fullMeanStreatchedP.png used on input lin
e 314.
(pdftex.def)             Requested size: 171.14764pt x 114.09932pt.

Overfull \vbox (25.34871pt too high) detected at line 314
 []

[13

 <./mocsigORCA1_fullMeanStreatchedP.png> <./mocsigORCA025_fullMeanStreatchedP.p
ng> <./mocsigORCA12_fullMeanStreatchedP.png>]
<mergedmocsigORCA12_full_300.png, id=463, 867.24pt x 289.08pt>
File: mergedmocsigORCA12_full_300.png Graphic file (type png)

<use mergedmocsigORCA12_full_300.png>
Package pdftex.def Info: mergedmocsigORCA12_full_300.png used on input line 321
.
(pdftex.def)             Requested size: 342.2953pt x 114.09932pt.
 [14

 <./mergedmocsigORCA12_full_300.png>]
LaTeX Font Info:    Font shape `T1/phv/m/it' in size <20.74> not available
(Font)              Font shape `T1/phv/m/sl' tried instead on input line 328.

! Misplaced alignment tab character &.
\beamer@doifinframe ... \huge $$\psi _{\sigma y} &
                                                  = \overline {\psi }_{\sigm...
l.328 \end{frame}
                 
I can't figure out why you would want to use a tab mark
here. If you just want an ampersand, the remedy is
simple: Just type `I\&' now. But if some right brace
up above has ended a previous alignment prematurely,
you're probably due for more error messages, and you
might try typing `S' now just to see what is salvageable.

<baroCT.png, id=492, 263.48438pt x 130.98938pt>
File: baroCT.png Graphic file (type png)
 <use baroCT.png>
Package pdftex.def Info: baroCT.png used on input line 328.
(pdftex.def)             Requested size: 205.37926pt x 102.10733pt.
 [15

 <./baroCT.png>] <mocsigORCA1_barotMeanStreatchedP.png, id=523, 433.62pt x 289.
08pt>
File: mocsigORCA1_barotMeanStreatchedP.png Graphic file (type png)

<use mocsigORCA1_barotMeanStreatchedP.png>
Package pdftex.def Info: mocsigORCA1_barotMeanStreatchedP.png used on input lin
e 351.
(pdftex.def)             Requested size: 171.14764pt x 114.09932pt.

<mocsigORCA025_barotMeanStreatchedP.png, id=524, 433.62pt x 289.08pt>
File: mocsigORCA025_barotMeanStreatchedP.png Graphic file (type png)

<use mocsigORCA025_barotMeanStreatchedP.png>
Package pdftex.def Info: mocsigORCA025_barotMeanStreatchedP.png used on input l
ine 351.
(pdftex.def)             Requested size: 171.14764pt x 114.09932pt.

<mocsigORCA12_barotMeanStreatchedP.png, id=525, 433.62pt x 289.08pt>
File: mocsigORCA12_barotMeanStreatchedP.png Graphic file (type png)

<use mocsigORCA12_barotMeanStreatchedP.png>
Package pdftex.def Info: mocsigORCA12_barotMeanStreatchedP.png used on input li
ne 351.
(pdftex.def)             Requested size: 171.14764pt x 114.09932pt.

Overfull \vbox (18.72963pt too high) detected at line 351
 []

[16

 <./mocsigORCA1_barotMeanStreatchedP.png> <./mocsigORCA025_barotMeanStreatchedP
.png> <./mocsigORCA12_barotMeanStreatchedP.png>]
<mocsigORCA1_barocMeanStreatchedP.png, id=555, 433.62pt x 289.08pt>
File: mocsigORCA1_barocMeanStreatchedP.png Graphic file (type png)

<use mocsigORCA1_barocMeanStreatchedP.png>
Package pdftex.def Info: mocsigORCA1_barocMeanStreatchedP.png used on input lin
e 365.
(pdftex.def)             Requested size: 171.14764pt x 114.09932pt.

<mocsigORCA025_barocMeanStreatchedP.png, id=556, 433.62pt x 289.08pt>
File: mocsigORCA025_barocMeanStreatchedP.png Graphic file (type png)

<use mocsigORCA025_barocMeanStreatchedP.png>
Package pdftex.def Info: mocsigORCA025_barocMeanStreatchedP.png used on input l
ine 365.
(pdftex.def)             Requested size: 171.14764pt x 114.09932pt.

<mocsigORCA12_barocMeanStreatchedP.png, id=557, 433.62pt x 289.08pt>
File: mocsigORCA12_barocMeanStreatchedP.png Graphic file (type png)

<use mocsigORCA12_barocMeanStreatchedP.png>
Package pdftex.def Info: mocsigORCA12_barocMeanStreatchedP.png used on input li
ne 365.
(pdftex.def)             Requested size: 171.14764pt x 114.09932pt.

Overfull \vbox (18.72963pt too high) detected at line 365
 []

[17

 <./mocsigORCA1_barocMeanStreatchedP.png> <./mocsigORCA025_barocMeanStreatchedP
.png> <./mocsigORCA12_barocMeanStreatchedP.png>]
<mocsigORCA12MeanBaroc_BOX.png, id=587, 433.62pt x 289.08pt>
File: mocsigORCA12MeanBaroc_BOX.png Graphic file (type png)

<use mocsigORCA12MeanBaroc_BOX.png>
Package pdftex.def Info: mocsigORCA12MeanBaroc_BOX.png used on input line 380.
(pdftex.def)             Requested size: 171.14764pt x 114.09932pt.

<mocsigORCA12MeanBarot.png, id=588, 433.62pt x 289.08pt>
File: mocsigORCA12MeanBarot.png Graphic file (type png)

<use mocsigORCA12MeanBarot.png>
Package pdftex.def Info: mocsigORCA12MeanBarot.png used on input line 380.
(pdftex.def)             Requested size: 171.14764pt x 114.09932pt.

<mocsigORCA12MeanFull_BOX.png, id=589, 433.62pt x 289.08pt>
File: mocsigORCA12MeanFull_BOX.png Graphic file (type png)

<use mocsigORCA12MeanFull_BOX.png>
Package pdftex.def Info: mocsigORCA12MeanFull_BOX.png used on input line 380.
(pdftex.def)             Requested size: 171.14764pt x 114.09932pt.

Overfull \vbox (52.94012pt too high) detected at line 380
 []

[18

 <./mocsigORCA12MeanBaroc_BOX.png> <./mocsigORCA12MeanBarot.png> <./mocsigORCA1
2MeanFull_BOX.png>] <momSink.png, id=619, 1156.32pt x 867.24pt>
File: momSink.png Graphic file (type png)

<use momSink.png>
Package pdftex.def Info: momSink.png used on input line 403.
(pdftex.def)             Requested size: 184.28815pt x 138.20544pt.

Overfull \hbox (61.42938pt too wide) in paragraph at lines 403--403
[][]  
 []

LaTeX Font Info:    Try loading font information for T1+ptm on input line 403.
(/usr/share/texlive/texmf-dist/tex/latex/psnfss/t1ptm.fd
File: t1ptm.fd 2001/06/04 font definitions for T1/ptm.
) [19

 <./momSink.png>]
File: momSink.png Graphic file (type png)

<use momSink.png>
Package pdftex.def Info: momSink.png used on input line 403.
(pdftex.def)             Requested size: 184.28815pt x 138.20544pt.

Overfull \hbox (61.42938pt too wide) in paragraph at lines 403--403
[][]  
 []

[20

] <mixed_layer_schematic.png, id=679, 904.37875pt x 671.50874pt>
File: mixed_layer_schematic.png Graphic file (type png)

<use mixed_layer_schematic.png>
Package pdftex.def Info: mixed_layer_schematic.png used on input line 415.
(pdftex.def)             Requested size: 239.60567pt x 177.90797pt.
 [21

 <./mixed_layer_schematic.png>]
<mld_ORCA12_clim_m06.png, id=710, 433.62pt x 289.08pt>
File: mld_ORCA12_clim_m06.png Graphic file (type png)

<use mld_ORCA12_clim_m06.png>
Package pdftex.def Info: mld_ORCA12_clim_m06.png used on input line 426.
(pdftex.def)             Requested size: 171.14764pt x 114.09932pt.

<mld_ORCA1_clim_m06.png, id=712, 433.62pt x 289.08pt>
File: mld_ORCA1_clim_m06.png Graphic file (type png)

<use mld_ORCA1_clim_m06.png>
Package pdftex.def Info: mld_ORCA1_clim_m06.png used on input line 426.
(pdftex.def)             Requested size: 171.14764pt x 114.09932pt.
 [22

 <./mld_ORCA12_clim_m06.png> <./mld_ORCA1_clim_m06.png>] <PDF_MLD_JanCutP.png, 
id=743, 644.4075pt x 1053.9375pt>
File: PDF_MLD_JanCutP.png Graphic file (type png)

<use PDF_MLD_JanCutP.png>
Package pdftex.def Info: PDF_MLD_JanCutP.png used on input line 435.
(pdftex.def)             Requested size: 136.91603pt x 223.92258pt.

<PDF_MLD_SeptCutP.png, id=744, 645.41125pt x 1053.9375pt>
File: PDF_MLD_SeptCutP.png Graphic file (type png)

<use PDF_MLD_SeptCutP.png>
Package pdftex.def Info: PDF_MLD_SeptCutP.png used on input line 435.
(pdftex.def)             Requested size: 136.91603pt x 223.56877pt.
 [23

 <./PDF_MLD_JanCutP.png> <./PDF_MLD_SeptCutP.png>] <mld_WOCE_ORCA1_12_m08.png, 
id=774, 867.24pt x 433.62pt>
File: mld_WOCE_ORCA1_12_m08.png Graphic file (type png)

<use mld_WOCE_ORCA1_12_m08.png>
Package pdftex.def Info: mld_WOCE_ORCA1_12_m08.png used on input line 444.
(pdftex.def)             Requested size: 342.2953pt x 171.149pt.
 [24

 <./mld_WOCE_ORCA1_12_m08.png>] [25

]
[26

] [27

] [28

] <drawing-1.png, id=914, 281.33679pt x 243.13693pt>
File: drawing-1.png Graphic file (type png)

<use drawing-1.png>
Package pdftex.def Info: drawing-1.png used on input line 495.
(pdftex.def)             Requested size: 171.14764pt x 147.91263pt.
 <drawing.png, id=915, 281.33679pt x 247.26665pt>
File: drawing.png Graphic file (type png)

<use drawing.png>
Package pdftex.def Info: drawing.png used on input line 495.
(pdftex.def)             Requested size: 171.14764pt x 150.42494pt.
 [29

 <./drawing-1.png> <./drawing.png>]
<rhoDense.png, id=946, 669.2503pt x 212.29312pt>
File: rhoDense.png Graphic file (type png)
 <use rhoDense.png>
Package pdftex.def Info: rhoDense.png used on input line 502.
(pdftex.def)             Requested size: 342.2953pt x 108.58228pt.
 [30

 <./rhoDense.png>] <rho2000.png, id=976, 663.22781pt x 213.04594pt>
File: rho2000.png Graphic file (type png)
 <use rho2000.png>
Package pdftex.def Info: rho2000.png used on input line 508.
(pdftex.def)             Requested size: 342.2953pt x 109.9523pt.

[31

 <./rho2000.png>] <ORCA1_Std_SH_P.png, id=1005, 602.25pt x 401.5pt>
File: ORCA1_Std_SH_P.png Graphic file (type png)

<use ORCA1_Std_SH_P.png>
Package pdftex.def Info: ORCA1_Std_SH_P.png used on input line 522.
(pdftex.def)             Requested size: 188.26346pt x 125.51132pt.
 <ORCA025_Std_SH_P.png, id=1006, 602.25pt x 401.5pt>
File: ORCA025_Std_SH_P.png Graphic file (type png)

<use ORCA025_Std_SH_P.png>
Package pdftex.def Info: ORCA025_Std_SH_P.png used on input line 522.
(pdftex.def)             Requested size: 188.26346pt x 125.51132pt.

Overfull \hbox (34.23161pt too wide) in paragraph at lines 522--522
 [][] 
 []

<ORCA12_Std_SH_P.png, id=1007, 602.25pt x 401.5pt>
File: ORCA12_Std_SH_P.png Graphic file (type png)
 <use ORCA12_Std_SH_P.png>
Package pdftex.def Info: ORCA12_Std_SH_P.png used on input line 522.
(pdftex.def)             Requested size: 171.14764pt x 114.09785pt.

Overfull \vbox (12.44241pt too high) detected at line 522
 []

[32

 <./ORCA1_Std_SH_P.png> <./ORCA025_Std_SH_P.png> <./ORCA12_Std_SH_P.png>]
! Illegal unit of measure (pt inserted).
<to be read again> 
                   \vskip 
l.529 \end{frame}
                 
Dimensions can be in units of em, ex, in, pt, pc,
cm, mm, dd, cc, nd, nc, bp, or sp; but yours is a new one!
I'll assume that you meant to say pt, for printer's points.
To recover gracefully from this error, it's best to
delete the erroneous units; e.g., type `2' to delete
two letters. (See Chapter 27 of The TeXbook.)

<PDF_SH_stdCutP.png, id=1038, 645.41125pt x 1053.9375pt>
File: PDF_SH_stdCutP.png Graphic file (type png)

<use PDF_SH_stdCutP.png>
Package pdftex.def Info: PDF_SH_stdCutP.png used on input line 529.
(pdftex.def)             Requested size: 136.91603pt x 223.56877pt.

Overfull \vbox (8.79022pt too high) detected at line 529
 []

[33

 <./PDF_SH_stdCutP.png>] <ORCA1_covP.png, id=1066, 547.04375pt x 381.425pt>
File: ORCA1_covP.png Graphic file (type png)

<use ORCA1_covP.png>
Package pdftex.def Info: ORCA1_covP.png used on input line 539.
(pdftex.def)             Requested size: 171.14764pt x 119.33469pt.

<ORCA025_N401_cov_detrendedMarch2015P.png, id=1067, 602.25pt x 401.5pt>
File: ORCA025_N401_cov_detrendedMarch2015P.png Graphic file (type png)

<use ORCA025_N401_cov_detrendedMarch2015P.png>
Package pdftex.def Info: ORCA025_N401_cov_detrendedMarch2015P.png used on input
 line 539.
(pdftex.def)             Requested size: 188.26346pt x 125.51132pt.

Overfull \hbox (17.1158pt too wide) in paragraph at lines 539--539
 [][] 
 []

<ORCA12_covP.png, id=1068, 547.04375pt x 381.425pt>
File: ORCA12_covP.png Graphic file (type png)
 <use ORCA12_covP.png>
Package pdftex.def Info: ORCA12_covP.png used on input line 539.
(pdftex.def)             Requested size: 171.14764pt x 119.33469pt.

Overfull \vbox (17.67924pt too high) detected at line 539
 []

[34

 <./ORCA1_covP.png> <./ORCA025_N401_cov_detrendedMarch2015P.png> <./ORCA12_covP
.png>]
! Illegal unit of measure (pt inserted).
<to be read again> 
                   \vskip 
l.546 \end{frame}
                 
Dimensions can be in units of em, ex, in, pt, pc,
cm, mm, dd, cc, nd, nc, bp, or sp; but yours is a new one!
I'll assume that you meant to say pt, for printer's points.
To recover gracefully from this error, it's best to
delete the erroneous units; e.g., type `2' to delete
two letters. (See Chapter 27 of The TeXbook.)

<PDF_SH_covCutP.png, id=1099, 464.73625pt x 758.835pt>
File: PDF_SH_covCutP.png Graphic file (type png)

<use PDF_SH_covCutP.png>
Package pdftex.def Info: PDF_SH_covCutP.png used on input line 546.
(pdftex.def)             Requested size: 136.91603pt x 223.55333pt.

Overfull \vbox (8.77478pt too high) detected at line 546
 []

[35

 <./PDF_SH_covCutP.png>] [36

] [37

]
<ORCA1_N403_nablaH_26FebP.png, id=1185, 357.335pt x 262.9825pt>
File: ORCA1_N403_nablaH_26FebP.png Graphic file (type png)

<use ORCA1_N403_nablaH_26FebP.png>
Package pdftex.def Info: ORCA1_N403_nablaH_26FebP.png used on input line 577.
(pdftex.def)             Requested size: 136.91603pt x 100.76503pt.

<ORCA025_N206_nablaH_26FebP.png, id=1186, 363.3575pt x 247.92625pt>
File: ORCA025_N206_nablaH_26FebP.png Graphic file (type png)

<use ORCA025_N206_nablaH_26FebP.png>
Package pdftex.def Info: ORCA025_N206_nablaH_26FebP.png used on input line 577.

(pdftex.def)             Requested size: 154.03183pt x 105.10056pt.

<ORCA12_N01_nablaH_26FebP.png, id=1187, 364.36125pt x 247.92625pt>
File: ORCA12_N01_nablaH_26FebP.png Graphic file (type png)

<use ORCA12_N01_nablaH_26FebP.png>
Package pdftex.def Info: ORCA12_N01_nablaH_26FebP.png used on input line 577.
(pdftex.def)             Requested size: 154.03183pt x 104.80925pt.

Overfull \vbox (6.13126pt too high) detected at line 577
 []

[38

 <./ORCA1_N403_nablaH_26FebP.png> <./ORCA025_N206_nablaH_26FebP.png> <./ORCA12_
N01_nablaH_26FebP.png>] [39

]
<ORCA1_N406_bottom_torqueMeanP.png, id=1246, 433.62pt x 289.08pt>
File: ORCA1_N406_bottom_torqueMeanP.png Graphic file (type png)

<use ORCA1_N406_bottom_torqueMeanP.png>
Package pdftex.def Info: ORCA1_N406_bottom_torqueMeanP.png used on input line 6
06.
(pdftex.def)             Requested size: 171.14764pt x 114.09932pt.

<ORCA025_N401_bottom_torqueMeanP.png, id=1247, 433.62pt x 289.08pt>
File: ORCA025_N401_bottom_torqueMeanP.png Graphic file (type png)

<use ORCA025_N401_bottom_torqueMeanP.png>
Package pdftex.def Info: ORCA025_N401_bottom_torqueMeanP.png used on input line
 606.
(pdftex.def)             Requested size: 171.14764pt x 114.09932pt.

<ORCA12_N01_bottom_torque_MeanP.png, id=1248, 433.62pt x 289.08pt>
File: ORCA12_N01_bottom_torque_MeanP.png Graphic file (type png)

<use ORCA12_N01_bottom_torque_MeanP.png>
Package pdftex.def Info: ORCA12_N01_bottom_torque_MeanP.png used on input line 
606.
(pdftex.def)             Requested size: 171.14764pt x 114.09932pt.

Overfull \vbox (17.30692pt too high) detected at line 606
 []

[40

 <./ORCA1_N406_bottom_torqueMeanP.png> <./ORCA025_N401_bottom_torqueMeanP.png> 
<./ORCA12_N01_bottom_torque_MeanP.png>]
<talkPDFmeanBPT_P.png, id=1278, 956.8548pt x 381.5856pt>
File: talkPDFmeanBPT_P.png Graphic file (type png)

<use talkPDFmeanBPT_P.png>
Package pdftex.def Info: talkPDFmeanBPT_P.png used on input line 615.
(pdftex.def)             Requested size: 342.2953pt x 136.50314pt.
 [41

 <./talkPDFmeanBPT_P.png>]
LaTeX Font Info:    Font shape `T1/phv/bx/n' in size <12> not available
(Font)              Font shape `T1/phv/b/n' tried instead on input line 631.
 [42

] [43

]
<ORCA1_N406_JEBAR_scientificNotation_P.png, id=1363, 433.62pt x 289.08pt>
File: ORCA1_N406_JEBAR_scientificNotation_P.png Graphic file (type png)

<use ORCA1_N406_JEBAR_scientificNotation_P.png>
Package pdftex.def Info: ORCA1_N406_JEBAR_scientificNotation_P.png used on inpu
t line 644.
(pdftex.def)             Requested size: 171.14764pt x 114.09932pt.

<ORCA025_N401_JEBAR_scientificNotation_P.png, id=1364, 433.62pt x 289.08pt>
File: ORCA025_N401_JEBAR_scientificNotation_P.png Graphic file (type png)

<use ORCA025_N401_JEBAR_scientificNotation_P.png>
Package pdftex.def Info: ORCA025_N401_JEBAR_scientificNotation_P.png used on in
put line 644.
(pdftex.def)             Requested size: 171.14764pt x 114.09932pt.

<ORCA12_N01_JEBAR_scientificNotation_P.png, id=1365, 433.62pt x 289.08pt>
File: ORCA12_N01_JEBAR_scientificNotation_P.png Graphic file (type png)

<use ORCA12_N01_JEBAR_scientificNotation_P.png>
Package pdftex.def Info: ORCA12_N01_JEBAR_scientificNotation_P.png used on inpu
t line 644.
(pdftex.def)             Requested size: 171.14764pt x 114.09932pt.

Overfull \vbox (17.30692pt too high) detected at line 644
 []

[44

 <./ORCA1_N406_JEBAR_scientificNotation_P.png> <./ORCA025_N401_JEBAR_scientific
Notation_P.png> <./ORCA12_N01_JEBAR_scientificNotation_P.png>]
! Illegal unit of measure (pt inserted).
<to be read again> 
                   \vskip 
l.658 \end{frame}
                 
Dimensions can be in units of em, ex, in, pt, pc,
cm, mm, dd, cc, nd, nc, bp, or sp; but yours is a new one!
I'll assume that you meant to say pt, for printer's points.
To recover gracefully from this error, it's best to
delete the erroneous units; e.g., type `2' to delete
two letters. (See Chapter 27 of The TeXbook.)

<presentationJEBAR_P.png, id=1395, 926.5014pt x 381.5856pt>
File: presentationJEBAR_P.png Graphic file (type png)

<use presentationJEBAR_P.png>
Package pdftex.def Info: presentationJEBAR_P.png used on input line 658.
(pdftex.def)             Requested size: 342.2953pt x 140.98067pt.
 [45

 <./presentationJEBAR_P.png>]
! Illegal unit of measure (pt inserted).
<to be read again> 
                   \vskip 
l.658 \end{frame}
                 
Dimensions can be in units of em, ex, in, pt, pc,
cm, mm, dd, cc, nd, nc, bp, or sp; but yours is a new one!
I'll assume that you meant to say pt, for printer's points.
To recover gracefully from this error, it's best to
delete the erroneous units; e.g., type `2' to delete
two letters. (See Chapter 27 of The TeXbook.)

File: presentationJEBAR_P.png Graphic file (type png)
<use presentationJEBAR_P.png>
Package pdftex.def Info: presentationJEBAR_P.png used on input line 658.
(pdftex.def)             Requested size: 342.2953pt x 140.98067pt.
 [46

] [47

] [48

]
<elementsOfUtility.pdf, id=1505, 433.62pt x 289.08pt>
File: elementsOfUtility.pdf Graphic file (type pdf)

<use elementsOfUtility.pdf>
Package pdftex.def Info: elementsOfUtility.pdf used on input line 691.
(pdftex.def)             Requested size: 171.14764pt x 114.09932pt.
 [49

 <./elementsOfUtility.pdf>]
<SSTUtility_1_2_3_P.png, id=1569, 2553.54pt x 1736.4875pt>
File: SSTUtility_1_2_3_P.png Graphic file (type png)

<use SSTUtility_1_2_3_P.png>
Package pdftex.def Info: SSTUtility_1_2_3_P.png used on input line 696.
(pdftex.def)             Requested size: 308.06367pt x 209.48236pt.
 [50

 <./SSTUtility_1_2_3_P.png>]
<SST_EOFCut2.png, id=1598, 602.25pt x 401.5pt>
File: SST_EOFCut2.png Graphic file (type png)
 <use SST_EOFCut2.png>
Package pdftex.def Info: SST_EOFCut2.png used on input line 700.
(pdftex.def)             Requested size: 308.06367pt x 205.38104pt.
 [51

 <./SST_EOFCut2.png>] <mocsigUtility1_2_3_P.png, id=1627, 2609.75pt x 1774.63pt
>
File: mocsigUtility1_2_3_P.png Graphic file (type png)

<use mocsigUtility1_2_3_P.png>
Package pdftex.def Info: mocsigUtility1_2_3_P.png used on input line 704.
(pdftex.def)             Requested size: 308.06367pt x 209.48035pt.
LaTeX Font Info:    Font shape `T1/phv/bx/n' in size <7> not available
(Font)              Font shape `T1/phv/b/n' tried instead on input line 704.
 [52

 <./mocsigUtility1_2_3_P.png>]
<mocsigF_EOF_Cut2.png, id=1657, 602.25pt x 401.5pt>
File: mocsigF_EOF_Cut2.png Graphic file (type png)
 <use mocsigF_EOF_Cut2.png>
Package pdftex.def Info: mocsigF_EOF_Cut2.png used on input line 708.
(pdftex.def)             Requested size: 308.06367pt x 205.38104pt.

[53

 <./mocsigF_EOF_Cut2.png>]
<UtilityCut.pdf, id=1686, 784.32085pt x 343.40074pt>
File: UtilityCut.pdf Graphic file (type pdf)
 <use UtilityCut.pdf>
Package pdftex.def Info: UtilityCut.pdf used on input line 712.
(pdftex.def)             Requested size: 342.2953pt x 149.86542pt.

[54

 <./UtilityCut.pdf>] [55

] [56

]
LaTeX Font Info:    Try loading font information for OMS+phv on input line 750.


(/usr/share/texlive/texmf-dist/tex/latex/psnfss/omsphv.fd
File: omsphv.fd 
)
LaTeX Font Info:    Font shape `OMS/phv/m/n' in size <6> not available
(Font)              Font shape `OMS/cmsy/m/n' tried instead on input line 750.
LaTeX Font Info:    Font shape `T1/phv/bx/n' in size <5> not available
(Font)              Font shape `T1/phv/b/n' tried instead on input line 750.

! Illegal unit of measure (pt inserted).
<to be read again> 
                   \vskip 
l.750 \end{frame}
                 
Dimensions can be in units of em, ex, in, pt, pc,
cm, mm, dd, cc, nd, nc, bp, or sp; but yours is a new one!
I'll assume that you meant to say pt, for printer's points.
To recover gracefully from this error, it's best to
delete the erroneous units; e.g., type `2' to delete
two letters. (See Chapter 27 of The TeXbook.)

[57

]
! Illegal unit of measure (pt inserted).
<to be read again> 
                   \vskip 
l.750 \end{frame}
                 
Dimensions can be in units of em, ex, in, pt, pc,
cm, mm, dd, cc, nd, nc, bp, or sp; but yours is a new one!
I'll assume that you meant to say pt, for printer's points.
To recover gracefully from this error, it's best to
delete the erroneous units; e.g., type `2' to delete
two letters. (See Chapter 27 of The TeXbook.)

[58

] <ORCA1_surfVol.pdf, id=1878, 433.62pt x 289.08pt>
File: ORCA1_surfVol.pdf Graphic file (type pdf)
 <use ORCA1_surfVol.pdf>
Package pdftex.def Info: ORCA1_surfVol.pdf used on input line 769.
(pdftex.def)             Requested size: 171.14764pt x 114.09932pt.

<ORCA025_surfVol2.png, id=1879, 722.7pt x 477.785pt>
File: ORCA025_surfVol2.png Graphic file (type png)

<use ORCA025_surfVol2.png>
Package pdftex.def Info: ORCA025_surfVol2.png used on input line 769.
(pdftex.def)             Requested size: 171.14764pt x 113.14705pt.
 <ORCA12_surfVol.pdf, id=1880, 433.62pt x 289.08pt>
File: ORCA12_surfVol.pdf Graphic file (type pdf)

<use ORCA12_surfVol.pdf>
Package pdftex.def Info: ORCA12_surfVol.pdf used on input line 769.
(pdftex.def)             Requested size: 171.14764pt x 114.09932pt.

Overfull \vbox (13.03917pt too high) detected at line 769
 []

[59

 <./ORCA1_surfVol.pdf> <./ORCA025_surfVol2.png> <./ORCA12_surfVol.pdf

pdfTeX warning: /usr/bin/pdflatex (file ./ORCA12_surfVol.pdf): PDF inclusion: m
ultiple pdfs with page group included in a single page
>] <cumDenTranspORCA1-N406_t_060_t_000.png, id=2501, 867.24pt x 433.62pt>
File: cumDenTranspORCA1-N406_t_060_t_000.png Graphic file (type png)

<use cumDenTranspORCA1-N406_t_060_t_000.png>
Package pdftex.def Info: cumDenTranspORCA1-N406_t_060_t_000.png used on input l
ine 775.
(pdftex.def)             Requested size: 342.2953pt x 171.149pt.
 [60

 <./cumDenTranspORCA1-N406_t_060_t_000.png>] <cumDenTranspORCA12_t_000.png, id=
2531, 867.24pt x 433.62pt>
File: cumDenTranspORCA12_t_000.png Graphic file (type png)

<use cumDenTranspORCA12_t_000.png>
Package pdftex.def Info: cumDenTranspORCA12_t_000.png used on input line 781.
(pdftex.def)             Requested size: 342.2953pt x 171.149pt.
 [61

 <./cumDenTranspORCA12_t_000.png>]
<cumDenTranspORCA1-N406_barot_t_060_t_000.png, id=2562, 867.24pt x 433.62pt>
File: cumDenTranspORCA1-N406_barot_t_060_t_000.png Graphic file (type png)

<use cumDenTranspORCA1-N406_barot_t_060_t_000.png>
Package pdftex.def Info: cumDenTranspORCA1-N406_barot_t_060_t_000.png used on i
nput line 787.
(pdftex.def)             Requested size: 342.2953pt x 171.149pt.
 [62

 <./cumDenTranspORCA1-N406_barot_t_060_t_000.png>]
<cumDenTranspORCA1-N406_baroc_t_060_t_000.png, id=2592, 867.24pt x 433.62pt>
File: cumDenTranspORCA1-N406_baroc_t_060_t_000.png Graphic file (type png)

<use cumDenTranspORCA1-N406_baroc_t_060_t_000.png>
Package pdftex.def Info: cumDenTranspORCA1-N406_baroc_t_060_t_000.png used on i
nput line 793.
(pdftex.def)             Requested size: 342.2953pt x 171.149pt.
 [63

 <./cumDenTranspORCA1-N406_baroc_t_060_t_000.png>]
<rhoInfoGraphic.png, id=2622, 366.62814pt x 172.55478pt>
File: rhoInfoGraphic.png Graphic file (type png)

<use rhoInfoGraphic.png>
Package pdftex.def Info: rhoInfoGraphic.png used on input line 799.
(pdftex.def)             Requested size: 342.2953pt x 161.10092pt.
 [64

 <./rhoInfoGraphic.png>]
<PDF_H.png, id=2651, 442.59471pt x 735.45354pt>
File: PDF_H.png Graphic file (type png)
 <use PDF_H.png>
Package pdftex.def Info: PDF_H.png used on input line 803.
(pdftex.def)             Requested size: 119.80544pt x 199.0801pt.
 [65

 <./PDF_H.png>] <accMass_take2.png, id=2679, 433.62pt x 289.08pt>
File: accMass_take2.png Graphic file (type png)
 <use accMass_take2.png>
Package pdftex.def Info: accMass_take2.png used on input line 810.
(pdftex.def)             Requested size: 171.14764pt x 114.09932pt.

<accMassORCA025_N401.png, id=2680, 433.62pt x 289.08pt>
File: accMassORCA025_N401.png Graphic file (type png)

<use accMassORCA025_N401.png>
Package pdftex.def Info: accMassORCA025_N401.png used on input line 810.
(pdftex.def)             Requested size: 171.14764pt x 114.09932pt.

<accMassORCA0083.png, id=2681, 433.62pt x 289.08pt>
File: accMassORCA0083.png Graphic file (type png)
 <use accMassORCA0083.png>
Package pdftex.def Info: accMassORCA0083.png used on input line 810.
(pdftex.def)             Requested size: 171.14764pt x 114.09932pt.

[66

 <./accMass_take2.png> <./accMassORCA025_N401.png> <./accMassORCA0083.png>]
<mergedORCA12_fullZonalVel_60_t000.png, id=2713, 1734.48pt x 433.62pt>
File: mergedORCA12_fullZonalVel_60_t000.png Graphic file (type png)

<use mergedORCA12_fullZonalVel_60_t000.png>
Package pdftex.def Info: mergedORCA12_fullZonalVel_60_t000.png used on input li
ne 817.
(pdftex.def)             Requested size: 342.2953pt x 85.57118pt.
 [67

 <./mergedORCA12_fullZonalVel_60_t000.png>]
File: mergedmocsigORCA12_full_300.png Graphic file (type png)
 <use mergedmocsigORCA12_full_300.png>
Package pdftex.def Info: mergedmocsigORCA12_full_300.png used on input line 864
.
(pdftex.def)             Requested size: 342.2953pt x 114.09932pt.
 [68

]

LaTeX Warning: File `mergedmocsigORCA12_baroc_300.png' not found on input line 
872.


! Package pdftex.def Error: File `mergedmocsigORCA12_baroc_300.png' not found.

See the pdftex.def package documentation for explanation.
Type  H <return>  for immediate help.
 ...                                              
                                                  
l.872 \end{frame}
                 
Using draft setting for this image.
Try typing  <return>  to proceed.
If that doesn't work, type  X <return>  to quit.


Overfull \vbox (137.61066pt too high) detected at line 872
 []

[69

]

LaTeX Warning: File `mergedmocsigORCA12_barot_300.png' not found on input line 
878.


! Package pdftex.def Error: File `mergedmocsigORCA12_barot_300.png' not found.

See the pdftex.def package documentation for explanation.
Type  H <return>  for immediate help.
 ...                                              
                                                  
l.878 \end{frame}
                 
Using draft setting for this image.
Try typing  <return>  to proceed.
If that doesn't work, type  X <return>  to quit.


Overfull \vbox (137.61066pt too high) detected at line 878
 []

[70

] <mocsigORCA1_N406_full_clim1.png, id=2828, 433.62pt x 289.08pt>
File: mocsigORCA1_N406_full_clim1.png Graphic file (type png)

<use mocsigORCA1_N406_full_clim1.png>
Package pdftex.def Info: mocsigORCA1_N406_full_clim1.png used on input line 884
.
(pdftex.def)             Requested size: 342.2953pt x 228.20747pt.

Overfull \vbox (23.42892pt too high) detected at line 884
 []

[71

 <./mocsigORCA1_N406_full_clim1.png>]
<mocsigORCA025_fullClim_1.png, id=2858, 433.62pt x 289.08pt>
File: mocsigORCA025_fullClim_1.png Graphic file (type png)

<use mocsigORCA025_fullClim_1.png>
Package pdftex.def Info: mocsigORCA025_fullClim_1.png used on input line 890.
(pdftex.def)             Requested size: 342.2953pt x 228.20747pt.

Overfull \vbox (23.42892pt too high) detected at line 890
 []

[72

 <./mocsigORCA025_fullClim_1.png>]
\tf@nav=\write7
\openout7 = `seattleJune2016.nav'.

\tf@toc=\write8
\openout8 = `seattleJune2016.toc'.

\tf@snm=\write9
\openout9 = `seattleJune2016.snm'.



Package movie15 Warning: @@@@@@@@@@@@@@@@@@@@@@@@@@@@@@@@@@@@@@@
(movie15)                @@ Package `movie15' is obsolete and @@
(movie15)                @@ superseded by `media9'.           @@
(movie15)                @@@@@@@@@@@@@@@@@@@@@@@@@@@@@@@@@@@@@@@.

Package atveryend Info: Empty hook `BeforeClearDocument' on input line 893.
Package atveryend Info: Empty hook `AfterLastShipout' on input line 893.
(./seattleJune2016.aux)
Package atveryend Info: Executing hook `AtVeryEndDocument' on input line 893.
Package atveryend Info: Executing hook `AtEndAfterFileList' on input line 893.
Package rerunfilecheck Info: File `seattleJune2016.out' has not changed.
(rerunfilecheck)             Checksum: 1C20694012EE71B903A1D1F2D24424FE;281.
Package atveryend Info: Empty hook `AtVeryVeryEnd' on input line 893.
 ) 
Here is how much of TeX's memory you used:
 17943 strings out of 494985
 329797 string characters out of 6180356
 433514 words of memory out of 5000000
 20462 multiletter control sequences out of 15000+600000
 103089 words of font info for 124 fonts, out of 8000000 for 9000
 36 hyphenation exceptions out of 8191
 49i,17n,57p,442b,970s stack positions out of 5000i,500n,10000p,200000b,80000s
{/usr/share/texlive/texmf-dist/fonts/enc/dvips/base/8r.enc}</usr/share/texliv
e/texmf-dist/fonts/type1/public/amsfonts/cm/cmex10.pfb></usr/share/texlive/texm
f-dist/fonts/type1/public/amsfonts/cm/cmmi10.pfb></usr/share/texlive/texmf-dist
/fonts/type1/public/amsfonts/cm/cmmi12.pfb></usr/share/texlive/texmf-dist/fonts
/type1/public/amsfonts/cm/cmmi6.pfb></usr/share/texlive/texmf-dist/fonts/type1/
public/amsfonts/cm/cmmi7.pfb></usr/share/texlive/texmf-dist/fonts/type1/public/
amsfonts/cm/cmmi8.pfb></usr/share/texlive/texmf-dist/fonts/type1/public/amsfont
s/cm/cmss10.pfb></usr/share/texlive/texmf-dist/fonts/type1/public/amsfonts/cm/c
mss12.pfb></usr/share/texlive/texmf-dist/fonts/type1/public/amsfonts/cm/cmss17.
pfb></usr/share/texlive/texmf-dist/fonts/type1/public/amsfonts/cm/cmss8.pfb></u
sr/share/texlive/texmf-dist/fonts/type1/public/amsfonts/cm/cmsy10.pfb></usr/sha
re/texlive/texmf-dist/fonts/type1/public/amsfonts/cm/cmsy6.pfb></usr/share/texl
ive/texmf-dist/fonts/type1/public/amsfonts/cm/cmsy7.pfb></usr/share/texlive/tex
mf-dist/fonts/type1/public/amsfonts/cm/cmsy8.pfb></usr/share/texlive/texmf-dist
/fonts/type1/urw/courier/ucrr8a.pfb></usr/share/texlive/texmf-dist/fonts/type1/
urw/helvetic/uhvb8a.pfb></usr/share/texlive/texmf-dist/fonts/type1/urw/helvetic
/uhvr8a.pfb></usr/share/texlive/texmf-dist/fonts/type1/urw/helvetic/uhvro8a.pfb
></usr/share/texlive/texmf-dist/fonts/type1/urw/times/utmr8a.pfb>
Output written on seattleJune2016.pdf (72 pages, 13315900 bytes).
PDF statistics:
 2984 PDF objects out of 2984 (max. 8388607)
 2075 compressed objects within 21 object streams
 150 named destinations out of 1000 (max. 500000)
 531 words of extra memory for PDF output out of 10000 (max. 10000000)

